[18-Oct-2017 12:49:52 UTC] PHP Warning:  mysqli_connect(): (HY000/1045): Access denied for user 'eolsen'@'localhost' (using password: NO) in /home/ubuntu/workspace/CS372Project/php/sample.php on line 10
[18-Oct-2017 12:49:52 UTC] PHP Stack trace:
[18-Oct-2017 12:49:52 UTC] PHP   1. {main}() /home/ubuntu/workspace/CS372Project/php/sample.php:0
[18-Oct-2017 12:49:52 UTC] PHP   2. mysqli_connect() /home/ubuntu/workspace/CS372Project/php/sample.php:10
[27-Nov-2017 18:13:59 UTC] PHP Parse error:  syntax error, unexpected ';' in /home/ubuntu/workspace/CS372Project/html/control.php on line 29
[27-Nov-2017 19:50:38 UTC] PHP Warning:  mysqli_connect(): (HY000/1045): Access denied for user 'eolsen'@'localhost' (using password: NO) in /home/ubuntu/workspace/CS372Project/php/sample.php on line 10
[27-Nov-2017 19:50:38 UTC] PHP Stack trace:
[27-Nov-2017 19:50:38 UTC] PHP   1. {main}() /home/ubuntu/workspace/CS372Project/php/sample.php:0
[27-Nov-2017 19:50:38 UTC] PHP   2. mysqli_connect() /home/ubuntu/workspace/CS372Project/php/sample.php:10
[29-Nov-2017 20:11:41 UTC] PHP Warning:  require_once(db_con.php): failed to open stream: No such file or directory in /home/ubuntu/workspace/CS372Project/views/templates/navbar.php on line 64
[29-Nov-2017 20:11:41 UTC] PHP Stack trace:
[29-Nov-2017 20:11:41 UTC] PHP   1. {main}() /home/ubuntu/workspace/CS372Project/html/control.php:0
[29-Nov-2017 20:11:41 UTC] PHP   2. render() /home/ubuntu/workspace/CS372Project/html/control.php:18
[29-Nov-2017 20:11:41 UTC] PHP   3. require() /home/ubuntu/workspace/CS372Project/includes/helpers.php:16
[29-Nov-2017 20:11:41 UTC] PHP   4. require() /home/ubuntu/workspace/CS372Project/views/templates/header.php:32
[29-Nov-2017 20:11:41 UTC] PHP Fatal error:  require_once(): Failed opening required 'db_con.php' (include_path='.:/usr/share/php:/usr/share/pear') in /home/ubuntu/workspace/CS372Project/views/templates/navbar.php on line 64
[29-Nov-2017 20:11:41 UTC] PHP Stack trace:
[29-Nov-2017 20:11:41 UTC] PHP   1. {main}() /home/ubuntu/workspace/CS372Project/html/control.php:0
[29-Nov-2017 20:11:41 UTC] PHP   2. render() /home/ubuntu/workspace/CS372Project/html/control.php:18
[29-Nov-2017 20:11:41 UTC] PHP   3. require() /home/ubuntu/workspace/CS372Project/includes/helpers.php:16
[29-Nov-2017 20:11:41 UTC] PHP   4. require() /home/ubuntu/workspace/CS372Project/views/templates/header.php:32
[01-Dec-2017 18:34:29 UTC] PHP Warning:  require_once(db_con.php): failed to open stream: No such file or directory in /home/ubuntu/workspace/CS372Project/views/search.php on line 10
[01-Dec-2017 18:34:29 UTC] PHP Stack trace:
[01-Dec-2017 18:34:29 UTC] PHP   1. {main}() /home/ubuntu/workspace/CS372Project/html/control.php:0
[01-Dec-2017 18:34:29 UTC] PHP   2. render() /home/ubuntu/workspace/CS372Project/html/control.php:49
[01-Dec-2017 18:34:29 UTC] PHP   3. require() /home/ubuntu/workspace/CS372Project/includes/helpers.php:16
[01-Dec-2017 18:34:29 UTC] PHP Fatal error:  require_once(): Failed opening required 'db_con.php' (include_path='.:/usr/share/php:/usr/share/pear') in /home/ubuntu/workspace/CS372Project/views/search.php on line 10
[01-Dec-2017 18:34:29 UTC] PHP Stack trace:
[01-Dec-2017 18:34:29 UTC] PHP   1. {main}() /home/ubuntu/workspace/CS372Project/html/control.php:0
[01-Dec-2017 18:34:29 UTC] PHP   2. render() /home/ubuntu/workspace/CS372Project/html/control.php:49
[01-Dec-2017 18:34:29 UTC] PHP   3. require() /home/ubuntu/workspace/CS372Project/includes/helpers.php:16
[01-Dec-2017 21:23:55 UTC] PHP Parse error:  syntax error, unexpected '.' in /home/ubuntu/workspace/CS372Project/views/search.php on line 46
[01-Dec-2017 21:23:55 UTC] PHP Stack trace:
[01-Dec-2017 21:23:55 UTC] PHP   1. {main}() /home/ubuntu/workspace/CS372Project/html/control.php:0
[01-Dec-2017 21:23:55 UTC] PHP   2. render() /home/ubuntu/workspace/CS372Project/html/control.php:49
[01-Dec-2017 21:43:55 UTC] PHP Parse error:  syntax error, unexpected 'echo' (T_ECHO), expecting ',' or ';' in /home/ubuntu/workspace/CS372Project/views/search.php on line 51
[01-Dec-2017 21:43:55 UTC] PHP Stack trace:
[01-Dec-2017 21:43:55 UTC] PHP   1. {main}() /home/ubuntu/workspace/CS372Project/html/control.php:0
[01-Dec-2017 21:43:55 UTC] PHP   2. render() /home/ubuntu/workspace/CS372Project/html/control.php:49
[01-Dec-2017 21:44:24 UTC] PHP Parse error:  syntax error, unexpected 'echo' (T_ECHO), expecting ',' or ';' in /home/ubuntu/workspace/CS372Project/views/search.php on line 51
[01-Dec-2017 21:44:24 UTC] PHP Stack trace:
[01-Dec-2017 21:44:24 UTC] PHP   1. {main}() /home/ubuntu/workspace/CS372Project/html/control.php:0
[01-Dec-2017 21:44:24 UTC] PHP   2. render() /home/ubuntu/workspace/CS372Project/html/control.php:49
[01-Dec-2017 21:44:41 UTC] PHP Parse error:  syntax error, unexpected 'echo' (T_ECHO), expecting ',' or ';' in /home/ubuntu/workspace/CS372Project/views/search.php on line 52
[01-Dec-2017 21:44:41 UTC] PHP Stack trace:
[01-Dec-2017 21:44:41 UTC] PHP   1. {main}() /home/ubuntu/workspace/CS372Project/html/control.php:0
[01-Dec-2017 21:44:41 UTC] PHP   2. render() /home/ubuntu/workspace/CS372Project/html/control.php:49
[01-Dec-2017 22:07:40 UTC] PHP Parse error:  syntax error, unexpected '.' in /home/ubuntu/workspace/CS372Project/views/search.php on line 48
[01-Dec-2017 22:07:40 UTC] PHP Stack trace:
[01-Dec-2017 22:07:40 UTC] PHP   1. {main}() /home/ubuntu/workspace/CS372Project/html/control.php:0
[01-Dec-2017 22:07:40 UTC] PHP   2. render() /home/ubuntu/workspace/CS372Project/html/control.php:49
[02-Dec-2017 00:14:31 UTC] PHP Parse error:  syntax error, unexpected 'echo' (T_ECHO), expecting ',' or ';' in /home/ubuntu/workspace/CS372Project/views/search.php on line 58
[02-Dec-2017 00:14:31 UTC] PHP Stack trace:
[02-Dec-2017 00:14:31 UTC] PHP   1. {main}() /home/ubuntu/workspace/CS372Project/html/control.php:0
[02-Dec-2017 00:14:31 UTC] PHP   2. render() /home/ubuntu/workspace/CS372Project/html/control.php:49
[02-Dec-2017 00:46:26 UTC] PHP Parse error:  syntax error, unexpected 'var' (T_VAR), expecting ';' in /home/ubuntu/workspace/CS372Project/views/search.php on line 49
[02-Dec-2017 00:46:26 UTC] PHP Stack trace:
[02-Dec-2017 00:46:26 UTC] PHP   1. {main}() /home/ubuntu/workspace/CS372Project/html/control.php:0
[02-Dec-2017 00:46:26 UTC] PHP   2. render() /home/ubuntu/workspace/CS372Project/html/control.php:49
[02-Dec-2017 01:00:29 UTC] PHP Parse error:  syntax error, unexpected 'echo' (T_ECHO), expecting ',' or ';' in /home/ubuntu/workspace/CS372Project/views/search.php on line 59
[02-Dec-2017 01:00:29 UTC] PHP Stack trace:
[02-Dec-2017 01:00:29 UTC] PHP   1. {main}() /home/ubuntu/workspace/CS372Project/html/control.php:0
[02-Dec-2017 01:00:29 UTC] PHP   2. render() /home/ubuntu/workspace/CS372Project/html/control.php:49
[04-Dec-2017 19:34:13 UTC] PHP Parse error:  syntax error, unexpected 'media' (T_STRING), expecting ')' in /home/ubuntu/workspace/CS372Project/html/control.php on line 54
[04-Dec-2017 19:35:15 UTC] PHP Warning:  mysqli::query(): Empty query in /home/ubuntu/workspace/CS372Project/views/view.php on line 18
[04-Dec-2017 19:35:15 UTC] PHP Stack trace:
[04-Dec-2017 19:35:15 UTC] PHP   1. {main}() /home/ubuntu/workspace/CS372Project/html/control.php:0
[04-Dec-2017 19:35:15 UTC] PHP   2. render() /home/ubuntu/workspace/CS372Project/html/control.php:54
[04-Dec-2017 19:35:15 UTC] PHP   3. require() /home/ubuntu/workspace/CS372Project/includes/helpers.php:16
[04-Dec-2017 19:35:15 UTC] PHP   4. mysqli->query() /home/ubuntu/workspace/CS372Project/views/view.php:18
[05-Dec-2017 18:26:16 UTC] PHP Fatal error:  Call to undefined function connect_to_db() in /home/ubuntu/workspace/CS372Project/php/update_rating.php on line 5
[05-Dec-2017 18:26:16 UTC] PHP Stack trace:
[05-Dec-2017 18:26:16 UTC] PHP   1. {main}() /home/ubuntu/workspace/CS372Project/php/update_rating.php:0
[05-Dec-2017 18:28:13 UTC] PHP Fatal error:  Call to undefined function connect_to_db() in /home/ubuntu/workspace/CS372Project/php/update_rating.php on line 5
[05-Dec-2017 18:28:13 UTC] PHP Stack trace:
[05-Dec-2017 18:28:13 UTC] PHP   1. {main}() /home/ubuntu/workspace/CS372Project/php/update_rating.php:0
[05-Dec-2017 18:28:14 UTC] PHP Fatal error:  Call to undefined function connect_to_db() in /home/ubuntu/workspace/CS372Project/php/update_rating.php on line 5
[05-Dec-2017 18:28:14 UTC] PHP Stack trace:
[05-Dec-2017 18:28:14 UTC] PHP   1. {main}() /home/ubuntu/workspace/CS372Project/php/update_rating.php:0
[05-Dec-2017 18:30:20 UTC] PHP Fatal error:  Call to undefined function connect_to_db() in /home/ubuntu/workspace/CS372Project/php/update_rating.php on line 5
[05-Dec-2017 18:30:20 UTC] PHP Stack trace:
[05-Dec-2017 18:30:20 UTC] PHP   1. {main}() /home/ubuntu/workspace/CS372Project/php/update_rating.php:0
[05-Dec-2017 18:32:19 UTC] PHP Parse error:  syntax error, unexpected 'star_rating_init' (T_STRING), expecting ',' or ';' in /home/ubuntu/workspace/CS372Project/views/search.php on line 65
[05-Dec-2017 18:32:19 UTC] PHP Stack trace:
[05-Dec-2017 18:32:19 UTC] PHP   1. {main}() /home/ubuntu/workspace/CS372Project/html/control.php:0
[05-Dec-2017 18:32:19 UTC] PHP   2. render($template = *uninitialized*, $data = *uninitialized*) /home/ubuntu/workspace/CS372Project/html/control.php:49
[05-Dec-2017 18:32:44 UTC] PHP Fatal error:  Call to undefined function connect_to_db() in /home/ubuntu/workspace/CS372Project/php/update_rating.php on line 5
[05-Dec-2017 18:32:44 UTC] PHP Stack trace:
[05-Dec-2017 18:32:44 UTC] PHP   1. {main}() /home/ubuntu/workspace/CS372Project/php/update_rating.php:0
[05-Dec-2017 18:36:21 UTC] PHP Fatal error:  Call to undefined function connect_to_db() in /home/ubuntu/workspace/CS372Project/php/update_rating.php on line 5
[05-Dec-2017 18:36:21 UTC] PHP Stack trace:
[05-Dec-2017 18:36:21 UTC] PHP   1. {main}() /home/ubuntu/workspace/CS372Project/php/update_rating.php:0
[05-Dec-2017 18:36:23 UTC] PHP Fatal error:  Call to undefined function connect_to_db() in /home/ubuntu/workspace/CS372Project/php/update_rating.php on line 5
[05-Dec-2017 18:36:23 UTC] PHP Stack trace:
[05-Dec-2017 18:36:23 UTC] PHP   1. {main}() /home/ubuntu/workspace/CS372Project/php/update_rating.php:0
[05-Dec-2017 18:36:28 UTC] PHP Fatal error:  Call to undefined function connect_to_db() in /home/ubuntu/workspace/CS372Project/php/update_rating.php on line 5
[05-Dec-2017 18:36:28 UTC] PHP Stack trace:
[05-Dec-2017 18:36:28 UTC] PHP   1. {main}() /home/ubuntu/workspace/CS372Project/php/update_rating.php:0
[05-Dec-2017 18:36:28 UTC] PHP Fatal error:  Call to undefined function connect_to_db() in /home/ubuntu/workspace/CS372Project/php/update_rating.php on line 5
[05-Dec-2017 18:36:28 UTC] PHP Stack trace:
[05-Dec-2017 18:36:28 UTC] PHP   1. {main}() /home/ubuntu/workspace/CS372Project/php/update_rating.php:0
[05-Dec-2017 18:41:49 UTC] PHP Fatal error:  Call to undefined function connect_to_db() in /home/ubuntu/workspace/CS372Project/php/update_rating.php on line 5
[05-Dec-2017 18:41:49 UTC] PHP Stack trace:
[05-Dec-2017 18:41:49 UTC] PHP   1. {main}() /home/ubuntu/workspace/CS372Project/php/update_rating.php:0
[05-Dec-2017 18:41:49 UTC] PHP Fatal error:  Call to undefined function connect_to_db() in /home/ubuntu/workspace/CS372Project/php/update_rating.php on line 5
[05-Dec-2017 18:41:49 UTC] PHP Stack trace:
[05-Dec-2017 18:41:49 UTC] PHP   1. {main}() /home/ubuntu/workspace/CS372Project/php/update_rating.php:0
[05-Dec-2017 18:41:55 UTC] PHP Fatal error:  Call to undefined function connect_to_db() in /home/ubuntu/workspace/CS372Project/php/update_rating.php on line 5
[05-Dec-2017 18:41:55 UTC] PHP Stack trace:
[05-Dec-2017 18:41:55 UTC] PHP   1. {main}() /home/ubuntu/workspace/CS372Project/php/update_rating.php:0
[05-Dec-2017 18:41:55 UTC] PHP Fatal error:  Call to undefined function connect_to_db() in /home/ubuntu/workspace/CS372Project/php/update_rating.php on line 5
[05-Dec-2017 18:41:55 UTC] PHP Stack trace:
[05-Dec-2017 18:41:55 UTC] PHP   1. {main}() /home/ubuntu/workspace/CS372Project/php/update_rating.php:0
[05-Dec-2017 18:51:01 UTC] PHP Fatal error:  Call to undefined function connect_to_db() in /home/ubuntu/workspace/CS372Project/php/update_rating.php on line 5
[05-Dec-2017 18:51:01 UTC] PHP Stack trace:
[05-Dec-2017 18:51:01 UTC] PHP   1. {main}() /home/ubuntu/workspace/CS372Project/php/update_rating.php:0
[05-Dec-2017 18:54:43 UTC] PHP Fatal error:  Call to undefined function connect_to_db() in /home/ubuntu/workspace/CS372Project/php/update_rating.php on line 5
[05-Dec-2017 18:54:43 UTC] PHP Stack trace:
[05-Dec-2017 18:54:43 UTC] PHP   1. {main}() /home/ubuntu/workspace/CS372Project/php/update_rating.php:0
[05-Dec-2017 18:54:59 UTC] PHP Fatal error:  Call to undefined function connect_to_db() in /home/ubuntu/workspace/CS372Project/php/update_rating.php on line 5
[05-Dec-2017 18:54:59 UTC] PHP Stack trace:
[05-Dec-2017 18:54:59 UTC] PHP   1. {main}() /home/ubuntu/workspace/CS372Project/php/update_rating.php:0
[05-Dec-2017 19:00:51 UTC] PHP Fatal error:  Call to undefined function connect_to_db() in /home/ubuntu/workspace/CS372Project/php/update_rating.php on line 9
[05-Dec-2017 19:00:51 UTC] PHP Stack trace:
[05-Dec-2017 19:00:51 UTC] PHP   1. {main}() /home/ubuntu/workspace/CS372Project/php/update_rating.php:0
[05-Dec-2017 19:00:51 UTC] PHP Fatal error:  Call to undefined function connect_to_db() in /home/ubuntu/workspace/CS372Project/php/update_rating.php on line 9
[05-Dec-2017 19:00:51 UTC] PHP Stack trace:
[05-Dec-2017 19:00:51 UTC] PHP   1. {main}() /home/ubuntu/workspace/CS372Project/php/update_rating.php:0
[06-Dec-2017 01:31:45 UTC] PHP Warning:  mysql_num_rows() expects parameter 1 to be resource, object given in /home/ubuntu/workspace/CS372Project/views/login.php on line 27
[06-Dec-2017 01:31:45 UTC] PHP Stack trace:
[06-Dec-2017 01:31:45 UTC] PHP   1. {main}() /home/ubuntu/workspace/CS372Project/html/control.php:0
[06-Dec-2017 01:31:45 UTC] PHP   2. render($template = *uninitialized*, $data = *uninitialized*) /home/ubuntu/workspace/CS372Project/html/control.php:45
[06-Dec-2017 01:31:45 UTC] PHP   3. require() /home/ubuntu/workspace/CS372Project/includes/helpers.php:16
[06-Dec-2017 01:31:45 UTC] PHP   4. mysql_num_rows(*uninitialized*) /home/ubuntu/workspace/CS372Project/views/login.php:27
[06-Dec-2017 01:44:05 UTC] PHP Warning:  mysql_num_rows() expects parameter 1 to be resource, object given in /home/ubuntu/workspace/CS372Project/views/login.php on line 27
[06-Dec-2017 01:44:05 UTC] PHP Stack trace:
[06-Dec-2017 01:44:05 UTC] PHP   1. {main}() /home/ubuntu/workspace/CS372Project/html/control.php:0
[06-Dec-2017 01:44:05 UTC] PHP   2. render($template = *uninitialized*, $data = *uninitialized*) /home/ubuntu/workspace/CS372Project/html/control.php:45
[06-Dec-2017 01:44:05 UTC] PHP   3. require() /home/ubuntu/workspace/CS372Project/includes/helpers.php:16
[06-Dec-2017 01:44:05 UTC] PHP   4. mysql_num_rows(*uninitialized*) /home/ubuntu/workspace/CS372Project/views/login.php:27
[06-Dec-2017 01:49:27 UTC] PHP Warning:  mysql_num_rows() expects parameter 1 to be resource, object given in /home/ubuntu/workspace/CS372Project/views/login.php on line 27
[06-Dec-2017 01:49:27 UTC] PHP Stack trace:
[06-Dec-2017 01:49:27 UTC] PHP   1. {main}() /home/ubuntu/workspace/CS372Project/html/control.php:0
[06-Dec-2017 01:49:27 UTC] PHP   2. render($template = *uninitialized*, $data = *uninitialized*) /home/ubuntu/workspace/CS372Project/html/control.php:45
[06-Dec-2017 01:49:27 UTC] PHP   3. require() /home/ubuntu/workspace/CS372Project/includes/helpers.php:16
[06-Dec-2017 01:49:27 UTC] PHP   4. mysql_num_rows(*uninitialized*) /home/ubuntu/workspace/CS372Project/views/login.php:27
[06-Dec-2017 02:27:19 UTC] PHP Parse error:  syntax error, unexpected '{' in /home/ubuntu/workspace/CS372Project/html/control.php on line 25
[06-Dec-2017 02:27:38 UTC] PHP Parse error:  syntax error, unexpected '{' in /home/ubuntu/workspace/CS372Project/html/control.php on line 25
[06-Dec-2017 03:15:21 UTC] PHP Parse error:  syntax error, unexpected '' (T_ENCAPSED_AND_WHITESPACE), expecting identifier (T_STRING) or variable (T_VARIABLE) or number (T_NUM_STRING) in /home/ubuntu/workspace/CS372Project/php/update_rating.php on line 12
[06-Dec-2017 03:32:30 UTC] PHP Warning:  Cannot modify header information - headers already sent by (output started at /home/ubuntu/workspace/CS372Project/views/templates/navbar.php:64) in /home/ubuntu/workspace/CS372Project/views/signup.php on line 28
[06-Dec-2017 03:32:30 UTC] PHP Stack trace:
[06-Dec-2017 03:32:30 UTC] PHP   1. {main}() /home/ubuntu/workspace/CS372Project/html/control.php:0
[06-Dec-2017 03:32:30 UTC] PHP   2. render($template = *uninitialized*, $data = *uninitialized*) /home/ubuntu/workspace/CS372Project/html/control.php:57
[06-Dec-2017 03:32:30 UTC] PHP   3. require() /home/ubuntu/workspace/CS372Project/includes/helpers.php:16
[06-Dec-2017 03:32:30 UTC] PHP   4. header(*uninitialized*) /home/ubuntu/workspace/CS372Project/views/signup.php:28
