[29-Nov-2017 20:25:21 UTC] PHP Fatal error:  Call to a member function fetch_assoc() on a non-object in /home/ubuntu/workspace/CS372Project/views/templates/sample1.php on line 25
[29-Nov-2017 20:25:21 UTC] PHP Stack trace:
[29-Nov-2017 20:25:21 UTC] PHP   1. {main}() /home/ubuntu/workspace/CS372Project/views/templates/sample1.php:0
[29-Nov-2017 20:27:10 UTC] PHP Warning:  implode(): Invalid arguments passed in /home/ubuntu/workspace/CS372Project/views/templates/sample1.php on line 29
[29-Nov-2017 20:27:10 UTC] PHP Stack trace:
[29-Nov-2017 20:27:10 UTC] PHP   1. {main}() /home/ubuntu/workspace/CS372Project/views/templates/sample1.php:0
[29-Nov-2017 20:27:10 UTC] PHP   2. implode() /home/ubuntu/workspace/CS372Project/views/templates/sample1.php:29
[29-Nov-2017 20:27:10 UTC] PHP Warning:  implode(): Invalid arguments passed in /home/ubuntu/workspace/CS372Project/views/templates/sample1.php on line 29
[29-Nov-2017 20:27:10 UTC] PHP Stack trace:
[29-Nov-2017 20:27:10 UTC] PHP   1. {main}() /home/ubuntu/workspace/CS372Project/views/templates/sample1.php:0
[29-Nov-2017 20:27:10 UTC] PHP   2. implode() /home/ubuntu/workspace/CS372Project/views/templates/sample1.php:29
[29-Nov-2017 20:27:10 UTC] PHP Warning:  implode(): Invalid arguments passed in /home/ubuntu/workspace/CS372Project/views/templates/sample1.php on line 29
[29-Nov-2017 20:27:10 UTC] PHP Stack trace:
[29-Nov-2017 20:27:10 UTC] PHP   1. {main}() /home/ubuntu/workspace/CS372Project/views/templates/sample1.php:0
[29-Nov-2017 20:27:10 UTC] PHP   2. implode() /home/ubuntu/workspace/CS372Project/views/templates/sample1.php:29
[29-Nov-2017 20:27:10 UTC] PHP Warning:  implode(): Invalid arguments passed in /home/ubuntu/workspace/CS372Project/views/templates/sample1.php on line 29
[29-Nov-2017 20:27:10 UTC] PHP Stack trace:
[29-Nov-2017 20:27:10 UTC] PHP   1. {main}() /home/ubuntu/workspace/CS372Project/views/templates/sample1.php:0
[29-Nov-2017 20:27:10 UTC] PHP   2. implode() /home/ubuntu/workspace/CS372Project/views/templates/sample1.php:29
[29-Nov-2017 20:27:10 UTC] PHP Warning:  implode(): Invalid arguments passed in /home/ubuntu/workspace/CS372Project/views/templates/sample1.php on line 29
[29-Nov-2017 20:27:10 UTC] PHP Stack trace:
[29-Nov-2017 20:27:10 UTC] PHP   1. {main}() /home/ubuntu/workspace/CS372Project/views/templates/sample1.php:0
[29-Nov-2017 20:27:10 UTC] PHP   2. implode() /home/ubuntu/workspace/CS372Project/views/templates/sample1.php:29
[29-Nov-2017 20:27:10 UTC] PHP Warning:  implode(): Invalid arguments passed in /home/ubuntu/workspace/CS372Project/views/templates/sample1.php on line 29
[29-Nov-2017 20:27:10 UTC] PHP Stack trace:
[29-Nov-2017 20:27:10 UTC] PHP   1. {main}() /home/ubuntu/workspace/CS372Project/views/templates/sample1.php:0
[29-Nov-2017 20:27:10 UTC] PHP   2. implode() /home/ubuntu/workspace/CS372Project/views/templates/sample1.php:29
[29-Nov-2017 20:27:10 UTC] PHP Warning:  implode(): Invalid arguments passed in /home/ubuntu/workspace/CS372Project/views/templates/sample1.php on line 29
[29-Nov-2017 20:27:10 UTC] PHP Stack trace:
[29-Nov-2017 20:27:10 UTC] PHP   1. {main}() /home/ubuntu/workspace/CS372Project/views/templates/sample1.php:0
[29-Nov-2017 20:27:10 UTC] PHP   2. implode() /home/ubuntu/workspace/CS372Project/views/templates/sample1.php:29
[29-Nov-2017 20:27:10 UTC] PHP Warning:  implode(): Invalid arguments passed in /home/ubuntu/workspace/CS372Project/views/templates/sample1.php on line 29
[29-Nov-2017 20:27:10 UTC] PHP Stack trace:
[29-Nov-2017 20:27:10 UTC] PHP   1. {main}() /home/ubuntu/workspace/CS372Project/views/templates/sample1.php:0
[29-Nov-2017 20:27:10 UTC] PHP   2. implode() /home/ubuntu/workspace/CS372Project/views/templates/sample1.php:29
[29-Nov-2017 20:27:10 UTC] PHP Warning:  implode(): Invalid arguments passed in /home/ubuntu/workspace/CS372Project/views/templates/sample1.php on line 29
[29-Nov-2017 20:27:10 UTC] PHP Stack trace:
[29-Nov-2017 20:27:10 UTC] PHP   1. {main}() /home/ubuntu/workspace/CS372Project/views/templates/sample1.php:0
[29-Nov-2017 20:27:10 UTC] PHP   2. implode() /home/ubuntu/workspace/CS372Project/views/templates/sample1.php:29
[29-Nov-2017 20:27:10 UTC] PHP Warning:  implode(): Invalid arguments passed in /home/ubuntu/workspace/CS372Project/views/templates/sample1.php on line 29
[29-Nov-2017 20:27:10 UTC] PHP Stack trace:
[29-Nov-2017 20:27:10 UTC] PHP   1. {main}() /home/ubuntu/workspace/CS372Project/views/templates/sample1.php:0
[29-Nov-2017 20:27:10 UTC] PHP   2. implode() /home/ubuntu/workspace/CS372Project/views/templates/sample1.php:29
[29-Nov-2017 20:27:10 UTC] PHP Warning:  implode(): Invalid arguments passed in /home/ubuntu/workspace/CS372Project/views/templates/sample1.php on line 29
[29-Nov-2017 20:27:10 UTC] PHP Stack trace:
[29-Nov-2017 20:27:10 UTC] PHP   1. {main}() /home/ubuntu/workspace/CS372Project/views/templates/sample1.php:0
[29-Nov-2017 20:27:10 UTC] PHP   2. implode() /home/ubuntu/workspace/CS372Project/views/templates/sample1.php:29
[29-Nov-2017 20:27:10 UTC] PHP Warning:  implode(): Invalid arguments passed in /home/ubuntu/workspace/CS372Project/views/templates/sample1.php on line 29
[29-Nov-2017 20:27:10 UTC] PHP Stack trace:
[29-Nov-2017 20:27:10 UTC] PHP   1. {main}() /home/ubuntu/workspace/CS372Project/views/templates/sample1.php:0
[29-Nov-2017 20:27:10 UTC] PHP   2. implode() /home/ubuntu/workspace/CS372Project/views/templates/sample1.php:29
[29-Nov-2017 20:27:10 UTC] PHP Warning:  implode(): Invalid arguments passed in /home/ubuntu/workspace/CS372Project/views/templates/sample1.php on line 29
[29-Nov-2017 20:27:10 UTC] PHP Stack trace:
[29-Nov-2017 20:27:10 UTC] PHP   1. {main}() /home/ubuntu/workspace/CS372Project/views/templates/sample1.php:0
[29-Nov-2017 20:27:10 UTC] PHP   2. implode() /home/ubuntu/workspace/CS372Project/views/templates/sample1.php:29
[29-Nov-2017 20:27:10 UTC] PHP Warning:  implode(): Invalid arguments passed in /home/ubuntu/workspace/CS372Project/views/templates/sample1.php on line 29
[29-Nov-2017 20:27:10 UTC] PHP Stack trace:
[29-Nov-2017 20:27:10 UTC] PHP   1. {main}() /home/ubuntu/workspace/CS372Project/views/templates/sample1.php:0
[29-Nov-2017 20:27:10 UTC] PHP   2. implode() /home/ubuntu/workspace/CS372Project/views/templates/sample1.php:29
[29-Nov-2017 20:27:10 UTC] PHP Warning:  implode(): Invalid arguments passed in /home/ubuntu/workspace/CS372Project/views/templates/sample1.php on line 29
[29-Nov-2017 20:27:10 UTC] PHP Stack trace:
[29-Nov-2017 20:27:10 UTC] PHP   1. {main}() /home/ubuntu/workspace/CS372Project/views/templates/sample1.php:0
[29-Nov-2017 20:27:10 UTC] PHP   2. implode() /home/ubuntu/workspace/CS372Project/views/templates/sample1.php:29
[29-Nov-2017 20:27:10 UTC] PHP Warning:  implode(): Invalid arguments passed in /home/ubuntu/workspace/CS372Project/views/templates/sample1.php on line 29
[29-Nov-2017 20:27:10 UTC] PHP Stack trace:
[29-Nov-2017 20:27:10 UTC] PHP   1. {main}() /home/ubuntu/workspace/CS372Project/views/templates/sample1.php:0
[29-Nov-2017 20:27:10 UTC] PHP   2. implode() /home/ubuntu/workspace/CS372Project/views/templates/sample1.php:29
[29-Nov-2017 20:27:10 UTC] PHP Warning:  implode(): Invalid arguments passed in /home/ubuntu/workspace/CS372Project/views/templates/sample1.php on line 29
[29-Nov-2017 20:27:10 UTC] PHP Stack trace:
[29-Nov-2017 20:27:10 UTC] PHP   1. {main}() /home/ubuntu/workspace/CS372Project/views/templates/sample1.php:0
[29-Nov-2017 20:27:10 UTC] PHP   2. implode() /home/ubuntu/workspace/CS372Project/views/templates/sample1.php:29
[29-Nov-2017 20:27:10 UTC] PHP Warning:  implode(): Invalid arguments passed in /home/ubuntu/workspace/CS372Project/views/templates/sample1.php on line 29
[29-Nov-2017 20:27:10 UTC] PHP Stack trace:
[29-Nov-2017 20:27:10 UTC] PHP   1. {main}() /home/ubuntu/workspace/CS372Project/views/templates/sample1.php:0
[29-Nov-2017 20:27:10 UTC] PHP   2. implode() /home/ubuntu/workspace/CS372Project/views/templates/sample1.php:29
[29-Nov-2017 20:27:10 UTC] PHP Warning:  implode(): Invalid arguments passed in /home/ubuntu/workspace/CS372Project/views/templates/sample1.php on line 29
[29-Nov-2017 20:27:10 UTC] PHP Stack trace:
[29-Nov-2017 20:27:10 UTC] PHP   1. {main}() /home/ubuntu/workspace/CS372Project/views/templates/sample1.php:0
[29-Nov-2017 20:27:10 UTC] PHP   2. implode() /home/ubuntu/workspace/CS372Project/views/templates/sample1.php:29
[29-Nov-2017 20:27:10 UTC] PHP Warning:  implode(): Invalid arguments passed in /home/ubuntu/workspace/CS372Project/views/templates/sample1.php on line 29
[29-Nov-2017 20:27:10 UTC] PHP Stack trace:
[29-Nov-2017 20:27:10 UTC] PHP   1. {main}() /home/ubuntu/workspace/CS372Project/views/templates/sample1.php:0
[29-Nov-2017 20:27:10 UTC] PHP   2. implode() /home/ubuntu/workspace/CS372Project/views/templates/sample1.php:29
[29-Nov-2017 20:27:10 UTC] PHP Warning:  implode(): Invalid arguments passed in /home/ubuntu/workspace/CS372Project/views/templates/sample1.php on line 29
[29-Nov-2017 20:27:10 UTC] PHP Stack trace:
[29-Nov-2017 20:27:10 UTC] PHP   1. {main}() /home/ubuntu/workspace/CS372Project/views/templates/sample1.php:0
[29-Nov-2017 20:27:10 UTC] PHP   2. implode() /home/ubuntu/workspace/CS372Project/views/templates/sample1.php:29
[29-Nov-2017 20:27:10 UTC] PHP Warning:  implode(): Invalid arguments passed in /home/ubuntu/workspace/CS372Project/views/templates/sample1.php on line 29
[29-Nov-2017 20:27:10 UTC] PHP Stack trace:
[29-Nov-2017 20:27:10 UTC] PHP   1. {main}() /home/ubuntu/workspace/CS372Project/views/templates/sample1.php:0
[29-Nov-2017 20:27:10 UTC] PHP   2. implode() /home/ubuntu/workspace/CS372Project/views/templates/sample1.php:29
[29-Nov-2017 20:27:10 UTC] PHP Warning:  implode(): Invalid arguments passed in /home/ubuntu/workspace/CS372Project/views/templates/sample1.php on line 29
[29-Nov-2017 20:27:10 UTC] PHP Stack trace:
[29-Nov-2017 20:27:10 UTC] PHP   1. {main}() /home/ubuntu/workspace/CS372Project/views/templates/sample1.php:0
[29-Nov-2017 20:27:10 UTC] PHP   2. implode() /home/ubuntu/workspace/CS372Project/views/templates/sample1.php:29
[29-Nov-2017 20:27:10 UTC] PHP Warning:  implode(): Invalid arguments passed in /home/ubuntu/workspace/CS372Project/views/templates/sample1.php on line 29
[29-Nov-2017 20:27:10 UTC] PHP Stack trace:
[29-Nov-2017 20:27:10 UTC] PHP   1. {main}() /home/ubuntu/workspace/CS372Project/views/templates/sample1.php:0
[29-Nov-2017 20:27:10 UTC] PHP   2. implode() /home/ubuntu/workspace/CS372Project/views/templates/sample1.php:29
[29-Nov-2017 20:27:10 UTC] PHP Warning:  implode(): Invalid arguments passed in /home/ubuntu/workspace/CS372Project/views/templates/sample1.php on line 29
[29-Nov-2017 20:27:10 UTC] PHP Stack trace:
[29-Nov-2017 20:27:10 UTC] PHP   1. {main}() /home/ubuntu/workspace/CS372Project/views/templates/sample1.php:0
[29-Nov-2017 20:27:10 UTC] PHP   2. implode() /home/ubuntu/workspace/CS372Project/views/templates/sample1.php:29
[29-Nov-2017 20:27:10 UTC] PHP Warning:  implode(): Invalid arguments passed in /home/ubuntu/workspace/CS372Project/views/templates/sample1.php on line 29
[29-Nov-2017 20:27:10 UTC] PHP Stack trace:
[29-Nov-2017 20:27:10 UTC] PHP   1. {main}() /home/ubuntu/workspace/CS372Project/views/templates/sample1.php:0
[29-Nov-2017 20:27:10 UTC] PHP   2. implode() /home/ubuntu/workspace/CS372Project/views/templates/sample1.php:29
[29-Nov-2017 20:27:10 UTC] PHP Warning:  implode(): Invalid arguments passed in /home/ubuntu/workspace/CS372Project/views/templates/sample1.php on line 29
[29-Nov-2017 20:27:10 UTC] PHP Stack trace:
[29-Nov-2017 20:27:10 UTC] PHP   1. {main}() /home/ubuntu/workspace/CS372Project/views/templates/sample1.php:0
[29-Nov-2017 20:27:10 UTC] PHP   2. implode() /home/ubuntu/workspace/CS372Project/views/templates/sample1.php:29
[29-Nov-2017 20:27:10 UTC] PHP Warning:  implode(): Invalid arguments passed in /home/ubuntu/workspace/CS372Project/views/templates/sample1.php on line 29
[29-Nov-2017 20:27:10 UTC] PHP Stack trace:
[29-Nov-2017 20:27:10 UTC] PHP   1. {main}() /home/ubuntu/workspace/CS372Project/views/templates/sample1.php:0
[29-Nov-2017 20:27:10 UTC] PHP   2. implode() /home/ubuntu/workspace/CS372Project/views/templates/sample1.php:29
[29-Nov-2017 20:27:38 UTC] PHP Warning:  implode(): Invalid arguments passed in /home/ubuntu/workspace/CS372Project/views/templates/sample1.php on line 29
[29-Nov-2017 20:27:38 UTC] PHP Stack trace:
[29-Nov-2017 20:27:38 UTC] PHP   1. {main}() /home/ubuntu/workspace/CS372Project/views/templates/sample1.php:0
[29-Nov-2017 20:27:38 UTC] PHP   2. implode() /home/ubuntu/workspace/CS372Project/views/templates/sample1.php:29
[29-Nov-2017 20:27:38 UTC] PHP Warning:  implode(): Invalid arguments passed in /home/ubuntu/workspace/CS372Project/views/templates/sample1.php on line 29
[29-Nov-2017 20:27:38 UTC] PHP Stack trace:
[29-Nov-2017 20:27:38 UTC] PHP   1. {main}() /home/ubuntu/workspace/CS372Project/views/templates/sample1.php:0
[29-Nov-2017 20:27:38 UTC] PHP   2. implode() /home/ubuntu/workspace/CS372Project/views/templates/sample1.php:29
[29-Nov-2017 20:27:38 UTC] PHP Warning:  implode(): Invalid arguments passed in /home/ubuntu/workspace/CS372Project/views/templates/sample1.php on line 29
[29-Nov-2017 20:27:38 UTC] PHP Stack trace:
[29-Nov-2017 20:27:38 UTC] PHP   1. {main}() /home/ubuntu/workspace/CS372Project/views/templates/sample1.php:0
[29-Nov-2017 20:27:38 UTC] PHP   2. implode() /home/ubuntu/workspace/CS372Project/views/templates/sample1.php:29
[29-Nov-2017 20:27:38 UTC] PHP Warning:  implode(): Invalid arguments passed in /home/ubuntu/workspace/CS372Project/views/templates/sample1.php on line 29
[29-Nov-2017 20:27:38 UTC] PHP Stack trace:
[29-Nov-2017 20:27:38 UTC] PHP   1. {main}() /home/ubuntu/workspace/CS372Project/views/templates/sample1.php:0
[29-Nov-2017 20:27:38 UTC] PHP   2. implode() /home/ubuntu/workspace/CS372Project/views/templates/sample1.php:29
[29-Nov-2017 20:27:38 UTC] PHP Warning:  implode(): Invalid arguments passed in /home/ubuntu/workspace/CS372Project/views/templates/sample1.php on line 29
[29-Nov-2017 20:27:38 UTC] PHP Stack trace:
[29-Nov-2017 20:27:38 UTC] PHP   1. {main}() /home/ubuntu/workspace/CS372Project/views/templates/sample1.php:0
[29-Nov-2017 20:27:38 UTC] PHP   2. implode() /home/ubuntu/workspace/CS372Project/views/templates/sample1.php:29
[29-Nov-2017 20:27:38 UTC] PHP Warning:  implode(): Invalid arguments passed in /home/ubuntu/workspace/CS372Project/views/templates/sample1.php on line 29
[29-Nov-2017 20:27:38 UTC] PHP Stack trace:
[29-Nov-2017 20:27:38 UTC] PHP   1. {main}() /home/ubuntu/workspace/CS372Project/views/templates/sample1.php:0
[29-Nov-2017 20:27:38 UTC] PHP   2. implode() /home/ubuntu/workspace/CS372Project/views/templates/sample1.php:29
[29-Nov-2017 20:27:38 UTC] PHP Warning:  implode(): Invalid arguments passed in /home/ubuntu/workspace/CS372Project/views/templates/sample1.php on line 29
[29-Nov-2017 20:27:38 UTC] PHP Stack trace:
[29-Nov-2017 20:27:38 UTC] PHP   1. {main}() /home/ubuntu/workspace/CS372Project/views/templates/sample1.php:0
[29-Nov-2017 20:27:38 UTC] PHP   2. implode() /home/ubuntu/workspace/CS372Project/views/templates/sample1.php:29
[29-Nov-2017 20:27:38 UTC] PHP Warning:  implode(): Invalid arguments passed in /home/ubuntu/workspace/CS372Project/views/templates/sample1.php on line 29
[29-Nov-2017 20:27:38 UTC] PHP Stack trace:
[29-Nov-2017 20:27:38 UTC] PHP   1. {main}() /home/ubuntu/workspace/CS372Project/views/templates/sample1.php:0
[29-Nov-2017 20:27:38 UTC] PHP   2. implode() /home/ubuntu/workspace/CS372Project/views/templates/sample1.php:29
[29-Nov-2017 20:27:38 UTC] PHP Warning:  implode(): Invalid arguments passed in /home/ubuntu/workspace/CS372Project/views/templates/sample1.php on line 29
[29-Nov-2017 20:27:38 UTC] PHP Stack trace:
[29-Nov-2017 20:27:38 UTC] PHP   1. {main}() /home/ubuntu/workspace/CS372Project/views/templates/sample1.php:0
[29-Nov-2017 20:27:38 UTC] PHP   2. implode() /home/ubuntu/workspace/CS372Project/views/templates/sample1.php:29
[29-Nov-2017 20:27:38 UTC] PHP Warning:  implode(): Invalid arguments passed in /home/ubuntu/workspace/CS372Project/views/templates/sample1.php on line 29
[29-Nov-2017 20:27:38 UTC] PHP Stack trace:
[29-Nov-2017 20:27:38 UTC] PHP   1. {main}() /home/ubuntu/workspace/CS372Project/views/templates/sample1.php:0
[29-Nov-2017 20:27:38 UTC] PHP   2. implode() /home/ubuntu/workspace/CS372Project/views/templates/sample1.php:29
[29-Nov-2017 20:27:38 UTC] PHP Warning:  implode(): Invalid arguments passed in /home/ubuntu/workspace/CS372Project/views/templates/sample1.php on line 29
[29-Nov-2017 20:27:38 UTC] PHP Stack trace:
[29-Nov-2017 20:27:38 UTC] PHP   1. {main}() /home/ubuntu/workspace/CS372Project/views/templates/sample1.php:0
[29-Nov-2017 20:27:38 UTC] PHP   2. implode() /home/ubuntu/workspace/CS372Project/views/templates/sample1.php:29
[29-Nov-2017 20:27:38 UTC] PHP Warning:  implode(): Invalid arguments passed in /home/ubuntu/workspace/CS372Project/views/templates/sample1.php on line 29
[29-Nov-2017 20:27:38 UTC] PHP Stack trace:
[29-Nov-2017 20:27:38 UTC] PHP   1. {main}() /home/ubuntu/workspace/CS372Project/views/templates/sample1.php:0
[29-Nov-2017 20:27:38 UTC] PHP   2. implode() /home/ubuntu/workspace/CS372Project/views/templates/sample1.php:29
[29-Nov-2017 20:27:38 UTC] PHP Warning:  implode(): Invalid arguments passed in /home/ubuntu/workspace/CS372Project/views/templates/sample1.php on line 29
[29-Nov-2017 20:27:38 UTC] PHP Stack trace:
[29-Nov-2017 20:27:38 UTC] PHP   1. {main}() /home/ubuntu/workspace/CS372Project/views/templates/sample1.php:0
[29-Nov-2017 20:27:38 UTC] PHP   2. implode() /home/ubuntu/workspace/CS372Project/views/templates/sample1.php:29
[29-Nov-2017 20:27:38 UTC] PHP Warning:  implode(): Invalid arguments passed in /home/ubuntu/workspace/CS372Project/views/templates/sample1.php on line 29
[29-Nov-2017 20:27:38 UTC] PHP Stack trace:
[29-Nov-2017 20:27:38 UTC] PHP   1. {main}() /home/ubuntu/workspace/CS372Project/views/templates/sample1.php:0
[29-Nov-2017 20:27:38 UTC] PHP   2. implode() /home/ubuntu/workspace/CS372Project/views/templates/sample1.php:29
[29-Nov-2017 20:27:38 UTC] PHP Warning:  implode(): Invalid arguments passed in /home/ubuntu/workspace/CS372Project/views/templates/sample1.php on line 29
[29-Nov-2017 20:27:38 UTC] PHP Stack trace:
[29-Nov-2017 20:27:38 UTC] PHP   1. {main}() /home/ubuntu/workspace/CS372Project/views/templates/sample1.php:0
[29-Nov-2017 20:27:38 UTC] PHP   2. implode() /home/ubuntu/workspace/CS372Project/views/templates/sample1.php:29
[29-Nov-2017 20:27:38 UTC] PHP Warning:  implode(): Invalid arguments passed in /home/ubuntu/workspace/CS372Project/views/templates/sample1.php on line 29
[29-Nov-2017 20:27:38 UTC] PHP Stack trace:
[29-Nov-2017 20:27:38 UTC] PHP   1. {main}() /home/ubuntu/workspace/CS372Project/views/templates/sample1.php:0
[29-Nov-2017 20:27:38 UTC] PHP   2. implode() /home/ubuntu/workspace/CS372Project/views/templates/sample1.php:29
[29-Nov-2017 20:27:38 UTC] PHP Warning:  implode(): Invalid arguments passed in /home/ubuntu/workspace/CS372Project/views/templates/sample1.php on line 29
[29-Nov-2017 20:27:38 UTC] PHP Stack trace:
[29-Nov-2017 20:27:38 UTC] PHP   1. {main}() /home/ubuntu/workspace/CS372Project/views/templates/sample1.php:0
[29-Nov-2017 20:27:38 UTC] PHP   2. implode() /home/ubuntu/workspace/CS372Project/views/templates/sample1.php:29
[29-Nov-2017 20:27:38 UTC] PHP Warning:  implode(): Invalid arguments passed in /home/ubuntu/workspace/CS372Project/views/templates/sample1.php on line 29
[29-Nov-2017 20:27:38 UTC] PHP Stack trace:
[29-Nov-2017 20:27:38 UTC] PHP   1. {main}() /home/ubuntu/workspace/CS372Project/views/templates/sample1.php:0
[29-Nov-2017 20:27:38 UTC] PHP   2. implode() /home/ubuntu/workspace/CS372Project/views/templates/sample1.php:29
[29-Nov-2017 20:27:38 UTC] PHP Warning:  implode(): Invalid arguments passed in /home/ubuntu/workspace/CS372Project/views/templates/sample1.php on line 29
[29-Nov-2017 20:27:38 UTC] PHP Stack trace:
[29-Nov-2017 20:27:38 UTC] PHP   1. {main}() /home/ubuntu/workspace/CS372Project/views/templates/sample1.php:0
[29-Nov-2017 20:27:38 UTC] PHP   2. implode() /home/ubuntu/workspace/CS372Project/views/templates/sample1.php:29
[29-Nov-2017 20:27:38 UTC] PHP Warning:  implode(): Invalid arguments passed in /home/ubuntu/workspace/CS372Project/views/templates/sample1.php on line 29
[29-Nov-2017 20:27:38 UTC] PHP Stack trace:
[29-Nov-2017 20:27:38 UTC] PHP   1. {main}() /home/ubuntu/workspace/CS372Project/views/templates/sample1.php:0
[29-Nov-2017 20:27:38 UTC] PHP   2. implode() /home/ubuntu/workspace/CS372Project/views/templates/sample1.php:29
[29-Nov-2017 20:27:38 UTC] PHP Warning:  implode(): Invalid arguments passed in /home/ubuntu/workspace/CS372Project/views/templates/sample1.php on line 29
[29-Nov-2017 20:27:38 UTC] PHP Stack trace:
[29-Nov-2017 20:27:38 UTC] PHP   1. {main}() /home/ubuntu/workspace/CS372Project/views/templates/sample1.php:0
[29-Nov-2017 20:27:38 UTC] PHP   2. implode() /home/ubuntu/workspace/CS372Project/views/templates/sample1.php:29
[29-Nov-2017 20:27:38 UTC] PHP Warning:  implode(): Invalid arguments passed in /home/ubuntu/workspace/CS372Project/views/templates/sample1.php on line 29
[29-Nov-2017 20:27:38 UTC] PHP Stack trace:
[29-Nov-2017 20:27:38 UTC] PHP   1. {main}() /home/ubuntu/workspace/CS372Project/views/templates/sample1.php:0
[29-Nov-2017 20:27:38 UTC] PHP   2. implode() /home/ubuntu/workspace/CS372Project/views/templates/sample1.php:29
[29-Nov-2017 20:27:38 UTC] PHP Warning:  implode(): Invalid arguments passed in /home/ubuntu/workspace/CS372Project/views/templates/sample1.php on line 29
[29-Nov-2017 20:27:38 UTC] PHP Stack trace:
[29-Nov-2017 20:27:38 UTC] PHP   1. {main}() /home/ubuntu/workspace/CS372Project/views/templates/sample1.php:0
[29-Nov-2017 20:27:38 UTC] PHP   2. implode() /home/ubuntu/workspace/CS372Project/views/templates/sample1.php:29
[29-Nov-2017 20:27:38 UTC] PHP Warning:  implode(): Invalid arguments passed in /home/ubuntu/workspace/CS372Project/views/templates/sample1.php on line 29
[29-Nov-2017 20:27:38 UTC] PHP Stack trace:
[29-Nov-2017 20:27:38 UTC] PHP   1. {main}() /home/ubuntu/workspace/CS372Project/views/templates/sample1.php:0
[29-Nov-2017 20:27:38 UTC] PHP   2. implode() /home/ubuntu/workspace/CS372Project/views/templates/sample1.php:29
[29-Nov-2017 20:27:38 UTC] PHP Warning:  implode(): Invalid arguments passed in /home/ubuntu/workspace/CS372Project/views/templates/sample1.php on line 29
[29-Nov-2017 20:27:38 UTC] PHP Stack trace:
[29-Nov-2017 20:27:38 UTC] PHP   1. {main}() /home/ubuntu/workspace/CS372Project/views/templates/sample1.php:0
[29-Nov-2017 20:27:38 UTC] PHP   2. implode() /home/ubuntu/workspace/CS372Project/views/templates/sample1.php:29
[29-Nov-2017 20:27:38 UTC] PHP Warning:  implode(): Invalid arguments passed in /home/ubuntu/workspace/CS372Project/views/templates/sample1.php on line 29
[29-Nov-2017 20:27:38 UTC] PHP Stack trace:
[29-Nov-2017 20:27:38 UTC] PHP   1. {main}() /home/ubuntu/workspace/CS372Project/views/templates/sample1.php:0
[29-Nov-2017 20:27:38 UTC] PHP   2. implode() /home/ubuntu/workspace/CS372Project/views/templates/sample1.php:29
[29-Nov-2017 20:27:38 UTC] PHP Warning:  implode(): Invalid arguments passed in /home/ubuntu/workspace/CS372Project/views/templates/sample1.php on line 29
[29-Nov-2017 20:27:38 UTC] PHP Stack trace:
[29-Nov-2017 20:27:38 UTC] PHP   1. {main}() /home/ubuntu/workspace/CS372Project/views/templates/sample1.php:0
[29-Nov-2017 20:27:38 UTC] PHP   2. implode() /home/ubuntu/workspace/CS372Project/views/templates/sample1.php:29
[29-Nov-2017 20:27:38 UTC] PHP Warning:  implode(): Invalid arguments passed in /home/ubuntu/workspace/CS372Project/views/templates/sample1.php on line 29
[29-Nov-2017 20:27:38 UTC] PHP Stack trace:
[29-Nov-2017 20:27:38 UTC] PHP   1. {main}() /home/ubuntu/workspace/CS372Project/views/templates/sample1.php:0
[29-Nov-2017 20:27:38 UTC] PHP   2. implode() /home/ubuntu/workspace/CS372Project/views/templates/sample1.php:29
[29-Nov-2017 20:27:50 UTC] PHP Warning:  implode(): Invalid arguments passed in /home/ubuntu/workspace/CS372Project/views/templates/sample1.php on line 29
[29-Nov-2017 20:27:50 UTC] PHP Stack trace:
[29-Nov-2017 20:27:50 UTC] PHP   1. {main}() /home/ubuntu/workspace/CS372Project/views/templates/sample1.php:0
[29-Nov-2017 20:27:50 UTC] PHP   2. implode() /home/ubuntu/workspace/CS372Project/views/templates/sample1.php:29
[29-Nov-2017 20:27:50 UTC] PHP Warning:  implode(): Invalid arguments passed in /home/ubuntu/workspace/CS372Project/views/templates/sample1.php on line 29
[29-Nov-2017 20:27:50 UTC] PHP Stack trace:
[29-Nov-2017 20:27:50 UTC] PHP   1. {main}() /home/ubuntu/workspace/CS372Project/views/templates/sample1.php:0
[29-Nov-2017 20:27:50 UTC] PHP   2. implode() /home/ubuntu/workspace/CS372Project/views/templates/sample1.php:29
[29-Nov-2017 20:27:50 UTC] PHP Warning:  implode(): Invalid arguments passed in /home/ubuntu/workspace/CS372Project/views/templates/sample1.php on line 29
[29-Nov-2017 20:27:50 UTC] PHP Stack trace:
[29-Nov-2017 20:27:50 UTC] PHP   1. {main}() /home/ubuntu/workspace/CS372Project/views/templates/sample1.php:0
[29-Nov-2017 20:27:50 UTC] PHP   2. implode() /home/ubuntu/workspace/CS372Project/views/templates/sample1.php:29
[29-Nov-2017 20:27:50 UTC] PHP Warning:  implode(): Invalid arguments passed in /home/ubuntu/workspace/CS372Project/views/templates/sample1.php on line 29
[29-Nov-2017 20:27:50 UTC] PHP Stack trace:
[29-Nov-2017 20:27:50 UTC] PHP   1. {main}() /home/ubuntu/workspace/CS372Project/views/templates/sample1.php:0
[29-Nov-2017 20:27:50 UTC] PHP   2. implode() /home/ubuntu/workspace/CS372Project/views/templates/sample1.php:29
[29-Nov-2017 20:27:50 UTC] PHP Warning:  implode(): Invalid arguments passed in /home/ubuntu/workspace/CS372Project/views/templates/sample1.php on line 29
[29-Nov-2017 20:27:50 UTC] PHP Stack trace:
[29-Nov-2017 20:27:50 UTC] PHP   1. {main}() /home/ubuntu/workspace/CS372Project/views/templates/sample1.php:0
[29-Nov-2017 20:27:50 UTC] PHP   2. implode() /home/ubuntu/workspace/CS372Project/views/templates/sample1.php:29
[29-Nov-2017 20:27:50 UTC] PHP Warning:  implode(): Invalid arguments passed in /home/ubuntu/workspace/CS372Project/views/templates/sample1.php on line 29
[29-Nov-2017 20:27:50 UTC] PHP Stack trace:
[29-Nov-2017 20:27:50 UTC] PHP   1. {main}() /home/ubuntu/workspace/CS372Project/views/templates/sample1.php:0
[29-Nov-2017 20:27:50 UTC] PHP   2. implode() /home/ubuntu/workspace/CS372Project/views/templates/sample1.php:29
[29-Nov-2017 20:27:50 UTC] PHP Warning:  implode(): Invalid arguments passed in /home/ubuntu/workspace/CS372Project/views/templates/sample1.php on line 29
[29-Nov-2017 20:27:50 UTC] PHP Stack trace:
[29-Nov-2017 20:27:50 UTC] PHP   1. {main}() /home/ubuntu/workspace/CS372Project/views/templates/sample1.php:0
[29-Nov-2017 20:27:50 UTC] PHP   2. implode() /home/ubuntu/workspace/CS372Project/views/templates/sample1.php:29
[29-Nov-2017 20:27:50 UTC] PHP Warning:  implode(): Invalid arguments passed in /home/ubuntu/workspace/CS372Project/views/templates/sample1.php on line 29
[29-Nov-2017 20:27:50 UTC] PHP Stack trace:
[29-Nov-2017 20:27:50 UTC] PHP   1. {main}() /home/ubuntu/workspace/CS372Project/views/templates/sample1.php:0
[29-Nov-2017 20:27:50 UTC] PHP   2. implode() /home/ubuntu/workspace/CS372Project/views/templates/sample1.php:29
[29-Nov-2017 20:27:50 UTC] PHP Warning:  implode(): Invalid arguments passed in /home/ubuntu/workspace/CS372Project/views/templates/sample1.php on line 29
[29-Nov-2017 20:27:50 UTC] PHP Stack trace:
[29-Nov-2017 20:27:50 UTC] PHP   1. {main}() /home/ubuntu/workspace/CS372Project/views/templates/sample1.php:0
[29-Nov-2017 20:27:50 UTC] PHP   2. implode() /home/ubuntu/workspace/CS372Project/views/templates/sample1.php:29
[29-Nov-2017 20:27:50 UTC] PHP Warning:  implode(): Invalid arguments passed in /home/ubuntu/workspace/CS372Project/views/templates/sample1.php on line 29
[29-Nov-2017 20:27:50 UTC] PHP Stack trace:
[29-Nov-2017 20:27:50 UTC] PHP   1. {main}() /home/ubuntu/workspace/CS372Project/views/templates/sample1.php:0
[29-Nov-2017 20:27:50 UTC] PHP   2. implode() /home/ubuntu/workspace/CS372Project/views/templates/sample1.php:29
[29-Nov-2017 20:27:50 UTC] PHP Warning:  implode(): Invalid arguments passed in /home/ubuntu/workspace/CS372Project/views/templates/sample1.php on line 29
[29-Nov-2017 20:27:50 UTC] PHP Stack trace:
[29-Nov-2017 20:27:50 UTC] PHP   1. {main}() /home/ubuntu/workspace/CS372Project/views/templates/sample1.php:0
[29-Nov-2017 20:27:50 UTC] PHP   2. implode() /home/ubuntu/workspace/CS372Project/views/templates/sample1.php:29
[29-Nov-2017 20:27:50 UTC] PHP Warning:  implode(): Invalid arguments passed in /home/ubuntu/workspace/CS372Project/views/templates/sample1.php on line 29
[29-Nov-2017 20:27:50 UTC] PHP Stack trace:
[29-Nov-2017 20:27:50 UTC] PHP   1. {main}() /home/ubuntu/workspace/CS372Project/views/templates/sample1.php:0
[29-Nov-2017 20:27:50 UTC] PHP   2. implode() /home/ubuntu/workspace/CS372Project/views/templates/sample1.php:29
[29-Nov-2017 20:27:50 UTC] PHP Warning:  implode(): Invalid arguments passed in /home/ubuntu/workspace/CS372Project/views/templates/sample1.php on line 29
[29-Nov-2017 20:27:50 UTC] PHP Stack trace:
[29-Nov-2017 20:27:50 UTC] PHP   1. {main}() /home/ubuntu/workspace/CS372Project/views/templates/sample1.php:0
[29-Nov-2017 20:27:50 UTC] PHP   2. implode() /home/ubuntu/workspace/CS372Project/views/templates/sample1.php:29
[29-Nov-2017 20:27:50 UTC] PHP Warning:  implode(): Invalid arguments passed in /home/ubuntu/workspace/CS372Project/views/templates/sample1.php on line 29
[29-Nov-2017 20:27:50 UTC] PHP Stack trace:
[29-Nov-2017 20:27:50 UTC] PHP   1. {main}() /home/ubuntu/workspace/CS372Project/views/templates/sample1.php:0
[29-Nov-2017 20:27:50 UTC] PHP   2. implode() /home/ubuntu/workspace/CS372Project/views/templates/sample1.php:29
[29-Nov-2017 20:27:50 UTC] PHP Warning:  implode(): Invalid arguments passed in /home/ubuntu/workspace/CS372Project/views/templates/sample1.php on line 29
[29-Nov-2017 20:27:50 UTC] PHP Stack trace:
[29-Nov-2017 20:27:50 UTC] PHP   1. {main}() /home/ubuntu/workspace/CS372Project/views/templates/sample1.php:0
[29-Nov-2017 20:27:50 UTC] PHP   2. implode() /home/ubuntu/workspace/CS372Project/views/templates/sample1.php:29
[29-Nov-2017 20:27:50 UTC] PHP Warning:  implode(): Invalid arguments passed in /home/ubuntu/workspace/CS372Project/views/templates/sample1.php on line 29
[29-Nov-2017 20:27:50 UTC] PHP Stack trace:
[29-Nov-2017 20:27:50 UTC] PHP   1. {main}() /home/ubuntu/workspace/CS372Project/views/templates/sample1.php:0
[29-Nov-2017 20:27:50 UTC] PHP   2. implode() /home/ubuntu/workspace/CS372Project/views/templates/sample1.php:29
[29-Nov-2017 20:27:50 UTC] PHP Warning:  implode(): Invalid arguments passed in /home/ubuntu/workspace/CS372Project/views/templates/sample1.php on line 29
[29-Nov-2017 20:27:50 UTC] PHP Stack trace:
[29-Nov-2017 20:27:50 UTC] PHP   1. {main}() /home/ubuntu/workspace/CS372Project/views/templates/sample1.php:0
[29-Nov-2017 20:27:50 UTC] PHP   2. implode() /home/ubuntu/workspace/CS372Project/views/templates/sample1.php:29
[29-Nov-2017 20:27:50 UTC] PHP Warning:  implode(): Invalid arguments passed in /home/ubuntu/workspace/CS372Project/views/templates/sample1.php on line 29
[29-Nov-2017 20:27:50 UTC] PHP Stack trace:
[29-Nov-2017 20:27:50 UTC] PHP   1. {main}() /home/ubuntu/workspace/CS372Project/views/templates/sample1.php:0
[29-Nov-2017 20:27:50 UTC] PHP   2. implode() /home/ubuntu/workspace/CS372Project/views/templates/sample1.php:29
[29-Nov-2017 20:27:50 UTC] PHP Warning:  implode(): Invalid arguments passed in /home/ubuntu/workspace/CS372Project/views/templates/sample1.php on line 29
[29-Nov-2017 20:27:50 UTC] PHP Stack trace:
[29-Nov-2017 20:27:50 UTC] PHP   1. {main}() /home/ubuntu/workspace/CS372Project/views/templates/sample1.php:0
[29-Nov-2017 20:27:50 UTC] PHP   2. implode() /home/ubuntu/workspace/CS372Project/views/templates/sample1.php:29
[29-Nov-2017 20:27:50 UTC] PHP Warning:  implode(): Invalid arguments passed in /home/ubuntu/workspace/CS372Project/views/templates/sample1.php on line 29
[29-Nov-2017 20:27:50 UTC] PHP Stack trace:
[29-Nov-2017 20:27:50 UTC] PHP   1. {main}() /home/ubuntu/workspace/CS372Project/views/templates/sample1.php:0
[29-Nov-2017 20:27:50 UTC] PHP   2. implode() /home/ubuntu/workspace/CS372Project/views/templates/sample1.php:29
[29-Nov-2017 20:27:50 UTC] PHP Warning:  implode(): Invalid arguments passed in /home/ubuntu/workspace/CS372Project/views/templates/sample1.php on line 29
[29-Nov-2017 20:27:50 UTC] PHP Stack trace:
[29-Nov-2017 20:27:50 UTC] PHP   1. {main}() /home/ubuntu/workspace/CS372Project/views/templates/sample1.php:0
[29-Nov-2017 20:27:50 UTC] PHP   2. implode() /home/ubuntu/workspace/CS372Project/views/templates/sample1.php:29
[29-Nov-2017 20:27:50 UTC] PHP Warning:  implode(): Invalid arguments passed in /home/ubuntu/workspace/CS372Project/views/templates/sample1.php on line 29
[29-Nov-2017 20:27:50 UTC] PHP Stack trace:
[29-Nov-2017 20:27:50 UTC] PHP   1. {main}() /home/ubuntu/workspace/CS372Project/views/templates/sample1.php:0
[29-Nov-2017 20:27:50 UTC] PHP   2. implode() /home/ubuntu/workspace/CS372Project/views/templates/sample1.php:29
[29-Nov-2017 20:27:50 UTC] PHP Warning:  implode(): Invalid arguments passed in /home/ubuntu/workspace/CS372Project/views/templates/sample1.php on line 29
[29-Nov-2017 20:27:50 UTC] PHP Stack trace:
[29-Nov-2017 20:27:50 UTC] PHP   1. {main}() /home/ubuntu/workspace/CS372Project/views/templates/sample1.php:0
[29-Nov-2017 20:27:50 UTC] PHP   2. implode() /home/ubuntu/workspace/CS372Project/views/templates/sample1.php:29
[29-Nov-2017 20:27:50 UTC] PHP Warning:  implode(): Invalid arguments passed in /home/ubuntu/workspace/CS372Project/views/templates/sample1.php on line 29
[29-Nov-2017 20:27:50 UTC] PHP Stack trace:
[29-Nov-2017 20:27:50 UTC] PHP   1. {main}() /home/ubuntu/workspace/CS372Project/views/templates/sample1.php:0
[29-Nov-2017 20:27:50 UTC] PHP   2. implode() /home/ubuntu/workspace/CS372Project/views/templates/sample1.php:29
[29-Nov-2017 20:27:50 UTC] PHP Warning:  implode(): Invalid arguments passed in /home/ubuntu/workspace/CS372Project/views/templates/sample1.php on line 29
[29-Nov-2017 20:27:50 UTC] PHP Stack trace:
[29-Nov-2017 20:27:50 UTC] PHP   1. {main}() /home/ubuntu/workspace/CS372Project/views/templates/sample1.php:0
[29-Nov-2017 20:27:50 UTC] PHP   2. implode() /home/ubuntu/workspace/CS372Project/views/templates/sample1.php:29
[29-Nov-2017 20:27:50 UTC] PHP Warning:  implode(): Invalid arguments passed in /home/ubuntu/workspace/CS372Project/views/templates/sample1.php on line 29
[29-Nov-2017 20:27:50 UTC] PHP Stack trace:
[29-Nov-2017 20:27:50 UTC] PHP   1. {main}() /home/ubuntu/workspace/CS372Project/views/templates/sample1.php:0
[29-Nov-2017 20:27:50 UTC] PHP   2. implode() /home/ubuntu/workspace/CS372Project/views/templates/sample1.php:29
[29-Nov-2017 20:27:50 UTC] PHP Warning:  implode(): Invalid arguments passed in /home/ubuntu/workspace/CS372Project/views/templates/sample1.php on line 29
[29-Nov-2017 20:27:50 UTC] PHP Stack trace:
[29-Nov-2017 20:27:50 UTC] PHP   1. {main}() /home/ubuntu/workspace/CS372Project/views/templates/sample1.php:0
[29-Nov-2017 20:27:50 UTC] PHP   2. implode() /home/ubuntu/workspace/CS372Project/views/templates/sample1.php:29
[29-Nov-2017 20:27:50 UTC] PHP Warning:  implode(): Invalid arguments passed in /home/ubuntu/workspace/CS372Project/views/templates/sample1.php on line 29
[29-Nov-2017 20:27:50 UTC] PHP Stack trace:
[29-Nov-2017 20:27:50 UTC] PHP   1. {main}() /home/ubuntu/workspace/CS372Project/views/templates/sample1.php:0
[29-Nov-2017 20:27:50 UTC] PHP   2. implode() /home/ubuntu/workspace/CS372Project/views/templates/sample1.php:29
[29-Nov-2017 20:30:41 UTC] PHP Parse error:  syntax error, unexpected 'echo' (T_ECHO) in /home/ubuntu/workspace/CS372Project/views/templates/sample1.php on line 29
[29-Nov-2017 20:30:53 UTC] PHP Parse error:  syntax error, unexpected '}', expecting ',' or ';' in /home/ubuntu/workspace/CS372Project/views/templates/sample1.php on line 30
[29-Nov-2017 20:31:01 UTC] PHP Fatal error:  Array callback has to contain indices 0 and 1 in /home/ubuntu/workspace/CS372Project/views/templates/sample1.php on line 29
[29-Nov-2017 20:31:01 UTC] PHP Stack trace:
[29-Nov-2017 20:31:01 UTC] PHP   1. {main}() /home/ubuntu/workspace/CS372Project/views/templates/sample1.php:0
[29-Nov-2017 20:33:05 UTC] PHP Fatal error:  Array callback has to contain indices 0 and 1 in /home/ubuntu/workspace/CS372Project/views/templates/sample1.php on line 35
[29-Nov-2017 20:33:05 UTC] PHP Stack trace:
[29-Nov-2017 20:33:05 UTC] PHP   1. {main}() /home/ubuntu/workspace/CS372Project/views/templates/sample1.php:0
[29-Nov-2017 20:36:03 UTC] PHP Parse error:  syntax error, unexpected '}', expecting ',' or ';' in /home/ubuntu/workspace/CS372Project/views/templates/sample1.php on line 37
[29-Nov-2017 20:36:09 UTC] PHP Fatal error:  Call to undefined function row() in /home/ubuntu/workspace/CS372Project/views/templates/sample1.php on line 36
[29-Nov-2017 20:36:09 UTC] PHP Stack trace:
[29-Nov-2017 20:36:09 UTC] PHP   1. {main}() /home/ubuntu/workspace/CS372Project/views/templates/sample1.php:0
[29-Nov-2017 20:36:20 UTC] PHP Parse error:  syntax error, unexpected '[', expecting ',' or ';' in /home/ubuntu/workspace/CS372Project/views/templates/sample1.php on line 36
[29-Nov-2017 20:36:37 UTC] PHP Parse error:  syntax error, unexpected '->' (T_OBJECT_OPERATOR), expecting ',' or ';' in /home/ubuntu/workspace/CS372Project/views/templates/sample1.php on line 36
[29-Nov-2017 20:38:16 UTC] PHP Parse error:  syntax error, unexpected ''Title'' (T_CONSTANT_ENCAPSED_STRING), expecting identifier (T_STRING) or variable (T_VARIABLE) or '{' or '$' in /home/ubuntu/workspace/CS372Project/views/templates/sample1.php on line 36
